2024/08/30 01:40:16 123d11123212d注册请求不合法
2024/08/30 01:40:22 123d11123212d注册请求不合法
2024/08/30 01:40:52 123d11123212d注册请求不合法
2024/08/30 01:40:59 2131236677注册成功，噢耶！
2024/08/30 01:48:02 123
2024/08/30 01:49:05 123
2024/08/30 01:52:03 123
2024/08/30 01:52:42 2131236677登录登录成功，噢耶！
2024/08/30 01:52:52 2131236677登录失败，密码错误
2024/08/30 01:53:19 21312677登录失败，参数错误
2024/08/30 02:01:36 123
2024/08/30 02:01:36 数据库连接成功
2024/08/30 02:05:32 123
2024/08/30 02:05:32 数据库连接成功
2024/08/30 02:47:38 123
2024/08/30 02:47:38 数据库连接成功
2024/08/30 02:48:00 62发布成功，噢耶！
2024/08/30 23:35:40 123
2024/08/30 23:35:40 数据库连接成功
2024/08/30 23:56:41 123
2024/08/30 23:56:41 数据库连接成功
2024/08/30 23:57:29 62发布成功，噢耶！
2024/08/31 00:02:12 62发布成功，噢耶！
2024/08/31 00:31:13 123
2024/08/31 00:31:13 数据库连接成功
2024/08/31 00:32:08 123
2024/08/31 00:32:08 数据库连接成功
2024/08/31 00:32:12 获取帖子失败
2024/08/31 00:33:17 123
2024/08/31 00:33:17 数据库连接成功
2024/08/31 00:33:19 获取帖子成功，噢耶！
2024/08/31 01:06:21 123
2024/08/31 01:06:21 数据库连接成功
2024/08/31 01:07:41 123
2024/08/31 01:07:41 数据库连接成功
2024/08/31 01:07:58 获取帖子失败，record not found
2024/08/31 01:09:21 123
2024/08/31 01:09:21 数据库连接成功
2024/08/31 01:09:32 获取帖子失败，record not found
2024/08/31 01:10:45 123
2024/08/31 01:10:45 数据库连接成功
2024/08/31 01:10:51 0
2024/08/31 01:10:51 获取帖子失败，record not found
2024/08/31 01:11:55 123
2024/08/31 01:11:55 数据库连接成功
2024/08/31 01:11:59 获取帖子失败，record not found
2024/08/31 01:14:26 123
2024/08/31 01:14:26 数据库连接成功
2024/08/31 01:14:30 获取帖子失败，record not found
2024/08/31 01:15:13 获取帖子失败，record not found
2024/08/31 01:16:45 123
2024/08/31 01:16:45 数据库连接成功
2024/08/31 01:16:49 获取帖子失败，record not found
2024/08/31 01:20:57 123
2024/08/31 01:20:57 数据库连接成功
2024/08/31 01:21:02 获取帖子失败，record not found
2024/08/31 01:21:35 123
2024/08/31 01:21:35 数据库连接成功
2024/08/31 01:22:33 123
2024/08/31 01:22:33 数据库连接成功
2024/08/31 01:22:50 获取帖子失败，record not found
2024/08/31 01:23:35 123
2024/08/31 01:23:35 数据库连接成功
2024/08/31 01:23:39 发布失败，参数错误
2024/08/31 01:24:04 123
2024/08/31 01:24:04 数据库连接成功
2024/08/31 01:24:07 2删除成功，噢耶！
2024/08/31 01:24:20 获取帖子失败，record not found
2024/08/31 01:24:28 删除帖子失败，权限不足
2024/08/31 01:34:36 123
2024/08/31 01:34:36 数据库连接成功
2024/08/31 03:22:28 123
2024/08/31 03:22:28 数据库连接成功
2024/08/31 03:23:28 123
2024/08/31 03:23:28 数据库连接成功
2024/08/31 03:23:33 获取被举报文章[62]信息失败，因为record not found
2024/08/31 03:23:52 用户校验失败
2024/08/31 03:24:02 举报文章[3]失败，因为record not found
2024/08/31 03:25:20 123
2024/08/31 03:25:20 数据库连接成功
2024/08/31 03:25:23 举报成功，加速审核中~
2024/08/31 03:33:00 123
2024/08/31 03:33:00 数据库连接成功
2024/08/31 03:33:18 62发布成功，噢耶！
2024/08/31 03:33:20 62发布成功，噢耶！
2024/08/31 03:33:21 62发布成功，噢耶！
2024/08/31 03:33:21 62发布成功，噢耶！
2024/08/31 03:33:22 62发布成功，噢耶！
2024/08/31 03:33:23 62发布成功，噢耶！
2024/08/31 03:33:23 62发布成功，噢耶！
2024/08/31 03:33:24 62发布成功，噢耶！
2024/08/31 03:33:24 62发布成功，噢耶！
2024/08/31 03:33:30 62发布成功，噢耶！
2024/08/31 03:34:50 123
2024/08/31 03:34:50 数据库连接成功
2024/08/31 03:34:53 获取文章[42]信息失败，因为record not found
2024/08/31 03:34:54 获取文章[42]信息失败，因为record not found
2024/08/31 03:34:55 获取文章[42]信息失败，因为record not found
2024/08/31 03:34:57 获取文章[42]信息失败，因为record not found
2024/08/31 03:35:12 获取文章[1]信息失败，因为record not found
2024/08/31 03:35:28 用户校验失败
2024/08/31 03:35:33 更新成功
2024/08/31 16:19:27 123
2024/08/31 16:19:27 数据库连接成功
2024/08/31 16:19:36 123
2024/08/31 16:19:36 数据库连接成功
2024/08/31 16:21:25 获取被举报文章[3]信息失败，因为record not found
2024/08/31 16:21:48 举报成功，加速审核中~
2024/08/31 16:24:20 123
2024/08/31 16:24:20 数据库连接成功
2024/08/31 16:24:26 举报成功，加速审核中~
2024/08/31 16:29:05 123
2024/08/31 16:29:05 数据库连接成功
2024/08/31 16:29:18 123
2024/08/31 16:29:18 数据库连接成功
2024/08/31 16:30:35 123
2024/08/31 16:30:35 数据库连接成功
2024/08/31 16:30:41 123
2024/08/31 16:30:41 数据库连接成功
2024/08/31 17:06:34 123
2024/08/31 17:06:34 数据库连接成功
2024/08/31 17:06:56 62发布成功，噢耶！
2024/08/31 17:06:57 62发布成功，噢耶！
2024/08/31 17:06:57 62发布成功，噢耶！
2024/08/31 17:06:58 62发布成功，噢耶！
2024/08/31 17:06:58 62发布成功，噢耶！
2024/08/31 17:06:59 62发布成功，噢耶！
2024/08/31 17:06:59 62发布成功，噢耶！
2024/08/31 17:08:02 123
2024/08/31 17:08:02 数据库连接成功
2024/08/31 17:08:31 123
2024/08/31 17:08:31 数据库连接成功
2024/08/31 17:08:34 查询失败，参数错误
2024/08/31 17:08:56 123
2024/08/31 17:08:56 数据库连接成功
2024/08/31 17:08:58 查询失败，Error 1064 (42000): You have an error in your SQL syntax; check the manual that corresponds to your MySQL server version for the right syntax to use near '? AND  status != -1' at line 1
2024/08/31 17:11:03 123
2024/08/31 17:11:03 数据库连接成功
2024/08/31 17:11:06 62查询成功，噢耶！
2024/08/31 17:11:18 61查询成功，噢耶！
2024/08/31 17:22:35 123
2024/08/31 17:22:35 数据库连接成功
2024/08/31 17:22:40 61用户不存在
2024/09/01 01:51:22 123
2024/09/01 01:51:22 数据库连接成功
2024/09/01 01:59:01 123
2024/09/01 01:59:01 数据库连接成功
2024/09/01 02:03:17 处理失败，参数错误
2024/09/01 02:03:29 处理失败，参数错误
2024/09/01 02:03:54 123
2024/09/01 02:03:54 数据库连接成功
2024/09/01 02:03:56 处理失败，参数错误
2024/09/01 02:04:13 123
2024/09/01 02:04:13 数据库连接成功
2024/09/01 02:04:15 处理失败，参数错误
2024/09/01 02:08:15 123
2024/09/01 02:08:15 数据库连接成功
2024/09/01 02:08:18 123用户不存在
2024/09/01 02:08:26 62用户不存在
2024/09/01 02:09:56 62用户不存在
2024/09/01 02:10:02 查询失败，Error 1064 (42000): You have an error in your SQL syntax; check the manual that corresponds to your MySQL server version for the right syntax to use near '== 0' at line 1
2024/09/01 02:10:15 123
2024/09/01 02:10:15 数据库连接成功
2024/09/01 02:12:55 62查询成功，噢耶！
2024/09/01 02:31:19 处理失败，参数错误
2024/09/01 02:34:51 123
2024/09/01 02:34:51 数据库连接成功
2024/09/01 02:35:02 处理失败，参数错误
2024/09/01 02:36:09 1230用户不存在
2024/09/01 02:36:16 处理失败，参数错误
2024/09/01 02:36:50 处理失败，参数错误
2024/09/01 02:36:57 10用户校验失败
2024/09/01 02:38:48 62举报处理成功，辛苦啦~
2024/09/01 02:39:23 62举报处理成功，辛苦啦~
2024/09/01 02:40:47 123
2024/09/01 02:40:48 数据库连接成功
2024/09/01 02:41:02 62处理失败，没有被举报
2024/09/01 02:41:51 123
2024/09/01 02:41:52 数据库连接成功
2024/09/01 02:51:41 62举报处理成功，辛苦啦~
2024/09/01 02:52:30 123
2024/09/01 02:52:30 数据库连接成功
2024/09/01 02:52:38 62举报处理成功，辛苦啦~
2024/09/01 02:58:01 123
2024/09/01 02:58:01 数据库连接成功
2024/09/01 02:58:05 5用户不存在
2024/09/01 02:58:09 62举报处理成功，辛苦啦~
2024/09/01 02:58:22 62举报处理成功，辛苦啦~
2024/09/03 03:42:22 123
2024/09/03 03:42:22 数据库连接成功
2024/09/03 03:44:18 2131236677登录登录成功，噢耶！
2024/09/03 03:45:15 2131236677登录登录成功，噢耶！
2024/09/03 03:45:17 2131236677登录登录成功，噢耶！
2024/09/03 03:45:18 2131236677登录登录成功，噢耶！
2024/09/03 03:45:19 2131236677登录登录成功，噢耶！
2024/09/03 03:51:47 123
2024/09/03 03:51:47 数据库连接成功
2024/09/03 03:51:50 2131236677登录登录成功，噢耶！
2024/09/03 03:52:23 123
2024/09/03 03:52:23 数据库连接成功
2024/09/03 03:52:27 2131236677登录登录成功，噢耶！
2024/09/03 03:54:19 123
2024/09/03 03:54:19 数据库连接成功
2024/09/03 03:54:22 2131236677登录登录成功，噢耶！
2024/09/03 03:54:26 2131236677登录登录成功，噢耶！
2024/09/03 03:54:28 2131236677登录登录成功，噢耶！
2024/09/03 03:54:29 2131236677登录登录成功，噢耶！
2024/09/03 03:55:40 123
2024/09/03 03:55:40 数据库连接成功
2024/09/03 03:55:45 2131236677登录登录成功，噢耶！
2024/09/03 03:55:46 2131236677登录登录成功，噢耶！
2024/09/03 04:02:10 123
2024/09/03 04:02:10 数据库连接成功
2024/09/03 04:05:09 123
2024/09/03 04:05:09 数据库连接成功
2024/09/03 04:05:22 2131236677登录登录成功，噢耶！
2024/09/03 04:05:29 2131236677登录登录成功，噢耶！
2024/09/03 04:17:32 123
2024/09/03 04:17:32 数据库连接成功
2024/09/03 04:22:47 123
2024/09/03 04:22:47 数据库连接成功
2024/09/03 04:22:53 2131236677登录登录成功，噢耶！
2024/09/03 04:22:55 2131236677登录登录成功，噢耶！
2024/09/03 04:22:55 2131236677登录登录成功，噢耶！
2024/09/03 04:22:56 2131236677登录登录成功，噢耶！
2024/09/03 04:22:57 2131236677登录登录成功，噢耶！
2024/09/03 04:22:58 2131236677登录登录成功，噢耶！
2024/09/03 04:22:59 2131236677登录登录成功，噢耶！
2024/09/03 04:30:42 123
2024/09/03 04:30:42 数据库连接成功
2024/09/03 04:30:57 62发布成功，噢耶！
2024/09/03 04:32:13 123
2024/09/03 04:32:13 数据库连接成功
2024/09/03 04:33:24 2131236677登录登录成功，噢耶！
2024/09/03 04:33:30 2131236677登录登录成功，噢耶！
2024/09/03 04:33:33 2131236677登录登录成功，噢耶！
2024/09/03 04:33:45 62发布成功，噢耶！
2024/09/03 04:34:25 123
2024/09/03 04:34:25 数据库连接成功
2024/09/03 04:35:04 62查询成功，噢耶！
2024/09/03 04:35:15 62查询成功，噢耶！
2024/09/03 04:35:44 123
2024/09/03 04:35:44 数据库连接成功
